# JRE version: OpenJDK Runtime Environment (17.0.6) (build 17.0.6+0-b2043.56-10027231)
# Java VM: OpenJDK 64-Bit Server VM (17.0.6+0-b2043.56-10027231, mixed mode, tiered, compressed oops, compressed class ptrs, g1 gc, windows-amd64)
GC Precious Log:
 CPUs: 8 total, 8 available
 Memory: 16303M
 Large Page Support: Disabled
 NUMA Support: Disabled
 Compressed Oops: Enabled (32-bit)
 Heap Region Size: 1M
 Heap Min Capacity: 8M
 Heap Initial Capacity: 256M
 Heap Max Capacity: 2G
 Pre-touch: Disabled
 Parallel Workers: 8
 Concurrent Workers: 2
 Concurrent Refinement Workers: 8
 Periodic GC: Disabled
Heap:
 garbage-first heap   total 235520K, used 184500K [0x0000000080000000, 0x0000000100000000)
  region size 1024K, 87 young (89088K), 12 survivors (12288K)
 Metaspace       used 98212K, committed 99008K, reserved 1138688K
  class space    used 13327K, committed 13760K, reserved 1048576K
GC Heap History (20 events):
Event: 4.389 GC heap before
{Heap before GC invocations=24 (full 0):
 garbage-first heap   total 119808K, used 93833K [0x0000000080000000, 0x0000000100000000)
  region size 1024K, 34 young (34816K), 1 survivors (1024K)
 Metaspace       used 69839K, committed 70400K, reserved 1114112K
  class space    used 9286K, committed 9536K, reserved 1048576K
}
Event: 4.391 GC heap after
{Heap after GC invocations=25 (full 0):
 garbage-first heap   total 119808K, used 61877K [0x0000000080000000, 0x0000000100000000)
  region size 1024K, 3 young (3072K), 3 survivors (3072K)
 Metaspace       used 69839K, committed 70400K, reserved 1114112K
  class space    used 9286K, committed 9536K, reserved 1048576K
}
Event: 4.638 GC heap before
{Heap before GC invocations=26 (full 0):
 garbage-first heap   total 119808K, used 94645K [0x0000000080000000, 0x0000000100000000)
  region size 1024K, 35 young (35840K), 3 survivors (3072K)
 Metaspace       used 73739K, committed 74368K, reserved 1114112K
  class space    used 9789K, committed 10112K, reserved 1048576K
}
Event: 4.641 GC heap after
{Heap after GC invocations=27 (full 0):
 garbage-first heap   total 119808K, used 64197K [0x0000000080000000, 0x0000000100000000)
  region size 1024K, 5 young (5120K), 5 survivors (5120K)
 Metaspace       used 73739K, committed 74368K, reserved 1114112K
  class space    used 9789K, committed 10112K, reserved 1048576K
}
Event: 4.647 GC heap before
{Heap before GC invocations=27 (full 0):
 garbage-first heap   total 119808K, used 65221K [0x0000000080000000, 0x0000000100000000)
  region size 1024K, 6 young (6144K), 5 survivors (5120K)
 Metaspace       used 73863K, committed 74496K, reserved 1114112K
  class space    used 9813K, committed 10112K, reserved 1048576K
}
Event: 4.649 GC heap after
{Heap after GC invocations=28 (full 0):
 garbage-first heap   total 119808K, used 64521K [0x0000000080000000, 0x0000000100000000)
  region size 1024K, 1 young (1024K), 1 survivors (1024K)
 Metaspace       used 73863K, committed 74496K, reserved 1114112K
  class space    used 9813K, committed 10112K, reserved 1048576K
}
Event: 4.844 GC heap before
{Heap before GC invocations=28 (full 0):
 garbage-first heap   total 119808K, used 95241K [0x0000000080000000, 0x0000000100000000)
  region size 1024K, 32 young (32768K), 1 survivors (1024K)
 Metaspace       used 75863K, committed 76480K, reserved 1122304K
  class space    used 10075K, committed 10368K, reserved 1048576K
}
Event: 4.846 GC heap after
{Heap after GC invocations=29 (full 0):
 garbage-first heap   total 258048K, used 65873K [0x0000000080000000, 0x0000000100000000)
  region size 1024K, 3 young (3072K), 3 survivors (3072K)
 Metaspace       used 75863K, committed 76480K, reserved 1122304K
  class space    used 10075K, committed 10368K, reserved 1048576K
}
Event: 5.823 GC heap before
{Heap before GC invocations=30 (full 0):
 garbage-first heap   total 235520K, used 185681K [0x0000000080000000, 0x0000000100000000)
  region size 1024K, 119 young (121856K), 3 survivors (3072K)
 Metaspace       used 88740K, committed 89344K, reserved 1130496K
  class space    used 12147K, committed 12416K, reserved 1048576K
}
Event: 5.829 GC heap after
{Heap after GC invocations=31 (full 0):
 garbage-first heap   total 235520K, used 73413K [0x0000000080000000, 0x0000000100000000)
  region size 1024K, 10 young (10240K), 10 survivors (10240K)
 Metaspace       used 88740K, committed 89344K, reserved 1130496K
  class space    used 12147K, committed 12416K, reserved 1048576K
}
Event: 5.839 GC heap before
{Heap before GC invocations=31 (full 0):
 garbage-first heap   total 235520K, used 74437K [0x0000000080000000, 0x0000000100000000)
  region size 1024K, 11 young (11264K), 10 survivors (10240K)
 Metaspace       used 88867K, committed 89472K, reserved 1130496K
  class space    used 12164K, committed 12416K, reserved 1048576K
}
Event: 5.843 GC heap after
{Heap after GC invocations=32 (full 0):
 garbage-first heap   total 235520K, used 74667K [0x0000000080000000, 0x0000000100000000)
  region size 1024K, 2 young (2048K), 2 survivors (2048K)
 Metaspace       used 88867K, committed 89472K, reserved 1130496K
  class space    used 12164K, committed 12416K, reserved 1048576K
}
Event: 6.517 GC heap before
{Heap before GC invocations=32 (full 0):
 garbage-first heap   total 235520K, used 180139K [0x0000000080000000, 0x0000000100000000)
  region size 1024K, 105 young (107520K), 2 survivors (2048K)
 Metaspace       used 94252K, committed 94912K, reserved 1138688K
  class space    used 12902K, committed 13184K, reserved 1048576K
}
Event: 6.524 GC heap after
{Heap after GC invocations=33 (full 0):
 garbage-first heap   total 235520K, used 87962K [0x0000000080000000, 0x0000000100000000)
  region size 1024K, 14 young (14336K), 14 survivors (14336K)
 Metaspace       used 94252K, committed 94912K, reserved 1138688K
  class space    used 12902K, committed 13184K, reserved 1048576K
}
Event: 6.977 GC heap before
{Heap before GC invocations=33 (full 0):
 garbage-first heap   total 235520K, used 179098K [0x0000000080000000, 0x0000000100000000)
  region size 1024K, 104 young (106496K), 14 survivors (14336K)
 Metaspace       used 95683K, committed 96384K, reserved 1138688K
  class space    used 13106K, committed 13440K, reserved 1048576K
}
Event: 6.987 GC heap after
{Heap after GC invocations=34 (full 0):
 garbage-first heap   total 235520K, used 94938K [0x0000000080000000, 0x0000000100000000)
  region size 1024K, 8 young (8192K), 8 survivors (8192K)
 Metaspace       used 95683K, committed 96384K, reserved 1138688K
  class space    used 13106K, committed 13440K, reserved 1048576K
}
Event: 7.319 GC heap before
{Heap before GC invocations=34 (full 0):
 garbage-first heap   total 235520K, used 183002K [0x0000000080000000, 0x0000000100000000)
  region size 1024K, 95 young (97280K), 8 survivors (8192K)
 Metaspace       used 96190K, committed 96896K, reserved 1138688K
  class space    used 13134K, committed 13440K, reserved 1048576K
}
Event: 7.326 GC heap after
{Heap after GC invocations=35 (full 0):
 garbage-first heap   total 235520K, used 100352K [0x0000000080000000, 0x0000000100000000)
  region size 1024K, 6 young (6144K), 6 survivors (6144K)
 Metaspace       used 96190K, committed 96896K, reserved 1138688K
  class space    used 13134K, committed 13440K, reserved 1048576K
}
Event: 15.510 GC heap before
{Heap before GC invocations=35 (full 0):
 garbage-first heap   total 235520K, used 188416K [0x0000000080000000, 0x0000000100000000)
  region size 1024K, 93 young (95232K), 6 survivors (6144K)
 Metaspace       used 97919K, committed 98688K, reserved 1138688K
  class space    used 13316K, committed 13696K, reserved 1048576K
}
Event: 15.523 GC heap after
{Heap after GC invocations=36 (full 0):
 garbage-first heap   total 235520K, used 108724K [0x0000000080000000, 0x0000000100000000)
  region size 1024K, 12 young (12288K), 12 survivors (12288K)
 Metaspace       used 97919K, committed 98688K, reserved 1138688K
  class space    used 13316K, committed 13696K, reserved 1048576K
}

