# JRE version: OpenJDK Runtime Environment (17.0.6) (build 17.0.6+0-b2043.56-10027231)
# Java VM: OpenJDK 64-Bit Server VM (17.0.6+0-b2043.56-10027231, mixed mode, tiered, compressed oops, compressed class ptrs, g1 gc, windows-amd64)
GC Precious Log:
 CPUs: 8 total, 8 available
 Memory: 16303M
 Large Page Support: Disabled
 NUMA Support: Disabled
 Compressed Oops: Enabled (32-bit)
 Heap Region Size: 1M
 Heap Min Capacity: 8M
 Heap Initial Capacity: 256M
 Heap Max Capacity: 2G
 Pre-touch: Disabled
 Parallel Workers: 8
 Concurrent Workers: 2
 Concurrent Refinement Workers: 8
 Periodic GC: Disabled
Heap:
 garbage-first heap   total 262144K, used 89352K [0x0000000080000000, 0x0000000100000000)
  region size 1024K, 6 young (6144K), 6 survivors (6144K)
 Metaspace       used 94832K, committed 95488K, reserved 1138688K
  class space    used 13035K, committed 13312K, reserved 1048576K
GC Heap History (20 events):
Event: 4.423 GC heap after
{Heap after GC invocations=27 (full 0):
 garbage-first heap   total 131072K, used 64741K [0x0000000080000000, 0x0000000100000000)
  region size 1024K, 1 young (1024K), 1 survivors (1024K)
 Metaspace       used 67328K, committed 67904K, reserved 1114112K
  class space    used 8930K, committed 9216K, reserved 1048576K
}
Event: 4.746 GC heap before
{Heap before GC invocations=27 (full 0):
 garbage-first heap   total 131072K, used 98533K [0x0000000080000000, 0x0000000100000000)
  region size 1024K, 34 young (34816K), 1 survivors (1024K)
 Metaspace       used 70771K, committed 71360K, reserved 1114112K
  class space    used 9381K, committed 9664K, reserved 1048576K
}
Event: 4.748 GC heap after
{Heap after GC invocations=28 (full 0):
 garbage-first heap   total 131072K, used 67108K [0x0000000080000000, 0x0000000100000000)
  region size 1024K, 3 young (3072K), 3 survivors (3072K)
 Metaspace       used 70771K, committed 71360K, reserved 1114112K
  class space    used 9381K, committed 9664K, reserved 1048576K
}
Event: 4.988 GC heap before
{Heap before GC invocations=29 (full 0):
 garbage-first heap   total 131072K, used 96804K [0x0000000080000000, 0x0000000100000000)
  region size 1024K, 36 young (36864K), 3 survivors (3072K)
 Metaspace       used 75022K, committed 75584K, reserved 1122304K
  class space    used 9960K, committed 10240K, reserved 1048576K
}
Event: 4.991 GC heap after
{Heap after GC invocations=30 (full 0):
 garbage-first heap   total 131072K, used 65345K [0x0000000080000000, 0x0000000100000000)
  region size 1024K, 5 young (5120K), 5 survivors (5120K)
 Metaspace       used 75022K, committed 75584K, reserved 1122304K
  class space    used 9960K, committed 10240K, reserved 1048576K
}
Event: 5.000 GC heap before
{Heap before GC invocations=30 (full 0):
 garbage-first heap   total 131072K, used 66369K [0x0000000080000000, 0x0000000100000000)
  region size 1024K, 6 young (6144K), 5 survivors (5120K)
 Metaspace       used 75131K, committed 75776K, reserved 1122304K
  class space    used 9977K, committed 10304K, reserved 1048576K
}
Event: 5.002 GC heap after
{Heap after GC invocations=31 (full 0):
 garbage-first heap   total 172032K, used 65315K [0x0000000080000000, 0x0000000100000000)
  region size 1024K, 1 young (1024K), 1 survivors (1024K)
 Metaspace       used 75131K, committed 75776K, reserved 1122304K
  class space    used 9977K, committed 10304K, reserved 1048576K
}
Event: 5.253 GC heap before
{Heap before GC invocations=31 (full 0):
 garbage-first heap   total 172032K, used 100131K [0x0000000080000000, 0x0000000100000000)
  region size 1024K, 37 young (37888K), 1 survivors (1024K)
 Metaspace       used 77364K, committed 78016K, reserved 1122304K
  class space    used 10281K, committed 10560K, reserved 1048576K
}
Event: 5.255 GC heap after
{Heap after GC invocations=32 (full 0):
 garbage-first heap   total 172032K, used 67201K [0x0000000080000000, 0x0000000100000000)
  region size 1024K, 3 young (3072K), 3 survivors (3072K)
 Metaspace       used 77364K, committed 78016K, reserved 1122304K
  class space    used 10281K, committed 10560K, reserved 1048576K
}
Event: 5.766 GC heap before
{Heap before GC invocations=33 (full 0):
 garbage-first heap   total 172032K, used 128641K [0x0000000080000000, 0x0000000100000000)
  region size 1024K, 62 young (63488K), 3 survivors (3072K)
 Metaspace       used 84099K, committed 84736K, reserved 1122304K
  class space    used 11422K, committed 11712K, reserved 1048576K
}
Event: 5.769 GC heap after
{Heap after GC invocations=34 (full 0):
 garbage-first heap   total 172032K, used 71106K [0x0000000080000000, 0x0000000100000000)
  region size 1024K, 7 young (7168K), 7 survivors (7168K)
 Metaspace       used 84099K, committed 84736K, reserved 1122304K
  class space    used 11422K, committed 11712K, reserved 1048576K
}
Event: 5.784 GC heap before
{Heap before GC invocations=34 (full 0):
 garbage-first heap   total 172032K, used 72130K [0x0000000080000000, 0x0000000100000000)
  region size 1024K, 8 young (8192K), 7 survivors (7168K)
 Metaspace       used 84169K, committed 84800K, reserved 1122304K
  class space    used 11427K, committed 11712K, reserved 1048576K
}
Event: 5.787 GC heap after
{Heap after GC invocations=35 (full 0):
 garbage-first heap   total 172032K, used 70875K [0x0000000080000000, 0x0000000100000000)
  region size 1024K, 1 young (1024K), 1 survivors (1024K)
 Metaspace       used 84169K, committed 84800K, reserved 1122304K
  class space    used 11427K, committed 11712K, reserved 1048576K
}
Event: 6.274 GC heap before
{Heap before GC invocations=35 (full 0):
 garbage-first heap   total 172032K, used 134363K [0x0000000080000000, 0x0000000100000000)
  region size 1024K, 63 young (64512K), 1 survivors (1024K)
 Metaspace       used 91403K, committed 92096K, reserved 1130496K
  class space    used 12467K, committed 12800K, reserved 1048576K
}
Event: 6.278 GC heap after
{Heap after GC invocations=36 (full 0):
 garbage-first heap   total 172032K, used 75505K [0x0000000080000000, 0x0000000100000000)
  region size 1024K, 6 young (6144K), 6 survivors (6144K)
 Metaspace       used 91403K, committed 92096K, reserved 1130496K
  class space    used 12467K, committed 12800K, reserved 1048576K
}
Event: 6.581 GC heap before
{Heap before GC invocations=37 (full 0):
 garbage-first heap   total 172032K, used 135921K [0x0000000080000000, 0x0000000100000000)
  region size 1024K, 65 young (66560K), 6 survivors (6144K)
 Metaspace       used 92753K, committed 93376K, reserved 1130496K
  class space    used 12643K, committed 12928K, reserved 1048576K
}
Event: 6.587 GC heap after
{Heap after GC invocations=38 (full 0):
 garbage-first heap   total 172032K, used 84265K [0x0000000080000000, 0x0000000100000000)
  region size 1024K, 9 young (9216K), 9 survivors (9216K)
 Metaspace       used 92753K, committed 93376K, reserved 1130496K
  class space    used 12643K, committed 12928K, reserved 1048576K
}
Event: 6.591 GC heap before
{Heap before GC invocations=38 (full 0):
 garbage-first heap   total 172032K, used 85289K [0x0000000080000000, 0x0000000100000000)
  region size 1024K, 10 young (10240K), 9 survivors (9216K)
 Metaspace       used 92756K, committed 93376K, reserved 1130496K
  class space    used 12643K, committed 12928K, reserved 1048576K
}
Event: 6.595 GC heap after
{Heap after GC invocations=39 (full 0):
 garbage-first heap   total 172032K, used 84966K [0x0000000080000000, 0x0000000100000000)
  region size 1024K, 1 young (1024K), 1 survivors (1024K)
 Metaspace       used 92756K, committed 93376K, reserved 1130496K
  class space    used 12643K, committed 12928K, reserved 1048576K
}
Event: 6.893 GC heap before
{Heap before GC invocations=39 (full 0):
 garbage-first heap   total 172032K, used 136166K [0x0000000080000000, 0x0000000100000000)
  region size 1024K, 52 young (53248K), 1 survivors (1024K)
 Metaspace       used 94832K, committed 95488K, reserved 1138688K
  class space    used 13035K, committed 13312K, reserved 1048576K
}

