# JRE version: OpenJDK Runtime Environment (17.0.6) (build 17.0.6+0-b2043.56-10027231)
# Java VM: OpenJDK 64-Bit Server VM (17.0.6+0-b2043.56-10027231, mixed mode, tiered, compressed oops, compressed class ptrs, g1 gc, windows-amd64)
GC Precious Log:
 CPUs: 8 total, 8 available
 Memory: 16303M
 Large Page Support: Disabled
 NUMA Support: Disabled
 Compressed Oops: Enabled (32-bit)
 Heap Region Size: 1M
 Heap Min Capacity: 8M
 Heap Initial Capacity: 256M
 Heap Max Capacity: 2G
 Pre-touch: Disabled
 Parallel Workers: 8
 Concurrent Workers: 2
 Concurrent Refinement Workers: 8
 Periodic GC: Disabled
Heap:
 garbage-first heap   total 223232K, used 102378K [0x0000000080000000, 0x0000000100000000)
  region size 1024K, 41 young (41984K), 6 survivors (6144K)
 Metaspace       used 78884K, committed 79488K, reserved 1122304K
  class space    used 10559K, committed 10816K, reserved 1048576K
GC Heap History (20 events):
Event: 2.184 GC heap before
{Heap before GC invocations=11 (full 0):
 garbage-first heap   total 128000K, used 29710K [0x0000000080000000, 0x0000000100000000)
  region size 1024K, 6 young (6144K), 4 survivors (4096K)
 Metaspace       used 40356K, committed 40704K, reserved 1089536K
  class space    used 5358K, committed 5504K, reserved 1048576K
}
Event: 2.186 GC heap after
{Heap after GC invocations=12 (full 0):
 garbage-first heap   total 128000K, used 27508K [0x0000000080000000, 0x0000000100000000)
  region size 1024K, 1 young (1024K), 1 survivors (1024K)
 Metaspace       used 40356K, committed 40704K, reserved 1089536K
  class space    used 5358K, committed 5504K, reserved 1048576K
}
Event: 2.674 GC heap before
{Heap before GC invocations=12 (full 0):
 garbage-first heap   total 128000K, used 95092K [0x0000000080000000, 0x0000000100000000)
  region size 1024K, 64 young (65536K), 1 survivors (1024K)
 Metaspace       used 47986K, committed 48448K, reserved 1097728K
  class space    used 6373K, committed 6592K, reserved 1048576K
}
Event: 2.677 GC heap after
{Heap after GC invocations=13 (full 0):
 garbage-first heap   total 128000K, used 31896K [0x0000000080000000, 0x0000000100000000)
  region size 1024K, 5 young (5120K), 5 survivors (5120K)
 Metaspace       used 47986K, committed 48448K, reserved 1097728K
  class space    used 6373K, committed 6592K, reserved 1048576K
}
Event: 3.149 GC heap before
{Heap before GC invocations=13 (full 0):
 garbage-first heap   total 128000K, used 94360K [0x0000000080000000, 0x0000000100000000)
  region size 1024K, 67 young (68608K), 5 survivors (5120K)
 Metaspace       used 53015K, committed 53504K, reserved 1097728K
  class space    used 7092K, committed 7296K, reserved 1048576K
}
Event: 3.152 GC heap after
{Heap after GC invocations=14 (full 0):
 garbage-first heap   total 128000K, used 36123K [0x0000000080000000, 0x0000000100000000)
  region size 1024K, 9 young (9216K), 9 survivors (9216K)
 Metaspace       used 53015K, committed 53504K, reserved 1097728K
  class space    used 7092K, committed 7296K, reserved 1048576K
}
Event: 3.571 GC heap before
{Heap before GC invocations=14 (full 0):
 garbage-first heap   total 128000K, used 106779K [0x0000000080000000, 0x0000000100000000)
  region size 1024K, 69 young (70656K), 9 survivors (9216K)
 Metaspace       used 59517K, committed 60032K, reserved 1105920K
  class space    used 7897K, committed 8128K, reserved 1048576K
}
Event: 3.575 GC heap after
{Heap after GC invocations=15 (full 0):
 garbage-first heap   total 128000K, used 52598K [0x0000000080000000, 0x0000000100000000)
  region size 1024K, 9 young (9216K), 9 survivors (9216K)
 Metaspace       used 59517K, committed 60032K, reserved 1105920K
  class space    used 7897K, committed 8128K, reserved 1048576K
}
Event: 3.626 GC heap before
{Heap before GC invocations=15 (full 0):
 garbage-first heap   total 128000K, used 56694K [0x0000000080000000, 0x0000000100000000)
  region size 1024K, 14 young (14336K), 9 survivors (9216K)
 Metaspace       used 59931K, committed 60416K, reserved 1105920K
  class space    used 7947K, committed 8192K, reserved 1048576K
}
Event: 3.629 GC heap after
{Heap after GC invocations=16 (full 0):
 garbage-first heap   total 128000K, used 53838K [0x0000000080000000, 0x0000000100000000)
  region size 1024K, 1 young (1024K), 1 survivors (1024K)
 Metaspace       used 59931K, committed 60416K, reserved 1105920K
  class space    used 7947K, committed 8192K, reserved 1048576K
}
Event: 3.866 GC heap before
{Heap before GC invocations=17 (full 0):
 garbage-first heap   total 128000K, used 86606K [0x0000000080000000, 0x0000000100000000)
  region size 1024K, 30 young (30720K), 1 survivors (1024K)
 Metaspace       used 63999K, committed 64576K, reserved 1105920K
  class space    used 8510K, committed 8768K, reserved 1048576K
}
Event: 3.868 GC heap after
{Heap after GC invocations=18 (full 0):
 garbage-first heap   total 128000K, used 61202K [0x0000000080000000, 0x0000000100000000)
  region size 1024K, 6 young (6144K), 6 survivors (6144K)
 Metaspace       used 63999K, committed 64576K, reserved 1105920K
  class space    used 8510K, committed 8768K, reserved 1048576K
}
Event: 3.869 GC heap before
{Heap before GC invocations=18 (full 0):
 garbage-first heap   total 128000K, used 62226K [0x0000000080000000, 0x0000000100000000)
  region size 1024K, 7 young (7168K), 6 survivors (6144K)
 Metaspace       used 63999K, committed 64576K, reserved 1105920K
  class space    used 8510K, committed 8768K, reserved 1048576K
}
Event: 3.871 GC heap after
{Heap after GC invocations=19 (full 0):
 garbage-first heap   total 128000K, used 61732K [0x0000000080000000, 0x0000000100000000)
  region size 1024K, 1 young (1024K), 1 survivors (1024K)
 Metaspace       used 63999K, committed 64576K, reserved 1105920K
  class space    used 8510K, committed 8768K, reserved 1048576K
}
Event: 4.165 GC heap before
{Heap before GC invocations=20 (full 0):
 garbage-first heap   total 128000K, used 104740K [0x0000000080000000, 0x0000000100000000)
  region size 1024K, 42 young (43008K), 1 survivors (1024K)
 Metaspace       used 67935K, committed 68480K, reserved 1114112K
  class space    used 9027K, committed 9280K, reserved 1048576K
}
Event: 4.168 GC heap after
{Heap after GC invocations=21 (full 0):
 garbage-first heap   total 128000K, used 64709K [0x0000000080000000, 0x0000000100000000)
  region size 1024K, 4 young (4096K), 4 survivors (4096K)
 Metaspace       used 67935K, committed 68480K, reserved 1114112K
  class space    used 9027K, committed 9280K, reserved 1048576K
}
Event: 4.462 GC heap before
{Heap before GC invocations=21 (full 0):
 garbage-first heap   total 128000K, used 103621K [0x0000000080000000, 0x0000000100000000)
  region size 1024K, 42 young (43008K), 4 survivors (4096K)
 Metaspace       used 72011K, committed 72576K, reserved 1114112K
  class space    used 9578K, committed 9856K, reserved 1048576K
}
Event: 4.465 GC heap after
{Heap after GC invocations=22 (full 0):
 garbage-first heap   total 128000K, used 67687K [0x0000000080000000, 0x0000000100000000)
  region size 1024K, 6 young (6144K), 6 survivors (6144K)
 Metaspace       used 72011K, committed 72576K, reserved 1114112K
  class space    used 9578K, committed 9856K, reserved 1048576K
}
Event: 4.700 GC heap before
{Heap before GC invocations=23 (full 0):
 garbage-first heap   total 128000K, used 100455K [0x0000000080000000, 0x0000000100000000)
  region size 1024K, 42 young (43008K), 6 survivors (6144K)
 Metaspace       used 75326K, committed 75904K, reserved 1122304K
  class space    used 10001K, committed 10304K, reserved 1048576K
}
Event: 4.704 GC heap after
{Heap after GC invocations=24 (full 0):
 garbage-first heap   total 223232K, used 66538K [0x0000000080000000, 0x0000000100000000)
  region size 1024K, 6 young (6144K), 6 survivors (6144K)
 Metaspace       used 75326K, committed 75904K, reserved 1122304K
  class space    used 10001K, committed 10304K, reserved 1048576K
}

