# JRE version: OpenJDK Runtime Environment (17.0.6) (build 17.0.6+0-b2043.56-10027231)
# Java VM: OpenJDK 64-Bit Server VM (17.0.6+0-b2043.56-10027231, mixed mode, tiered, compressed oops, compressed class ptrs, g1 gc, windows-amd64)
GC Precious Log:
 CPUs: 8 total, 8 available
 Memory: 16303M
 Large Page Support: Disabled
 NUMA Support: Disabled
 Compressed Oops: Enabled (32-bit)
 Heap Region Size: 1M
 Heap Min Capacity: 8M
 Heap Initial Capacity: 256M
 Heap Max Capacity: 2G
 Pre-touch: Disabled
 Parallel Workers: 8
 Concurrent Workers: 2
 Concurrent Refinement Workers: 8
 Periodic GC: Disabled
Heap:
 garbage-first heap   total 219136K, used 93737K [0x0000000080000000, 0x0000000100000000)
  region size 1024K, 5 young (5120K), 5 survivors (5120K)
 Metaspace       used 95198K, committed 95808K, reserved 1138688K
  class space    used 13076K, committed 13376K, reserved 1048576K
GC Heap History (20 events):
Event: 3.984 GC heap after
{Heap after GC invocations=26 (full 0):
 garbage-first heap   total 131072K, used 65451K [0x0000000080000000, 0x0000000100000000)
  region size 1024K, 1 young (1024K), 1 survivors (1024K)
 Metaspace       used 67308K, committed 67904K, reserved 1114112K
  class space    used 8950K, committed 9216K, reserved 1048576K
}
Event: 4.230 GC heap before
{Heap before GC invocations=26 (full 0):
 garbage-first heap   total 131072K, used 99243K [0x0000000080000000, 0x0000000100000000)
  region size 1024K, 34 young (34816K), 1 survivors (1024K)
 Metaspace       used 70752K, committed 71360K, reserved 1114112K
  class space    used 9401K, committed 9664K, reserved 1048576K
}
Event: 4.232 GC heap after
{Heap after GC invocations=27 (full 0):
 garbage-first heap   total 131072K, used 67754K [0x0000000080000000, 0x0000000100000000)
  region size 1024K, 3 young (3072K), 3 survivors (3072K)
 Metaspace       used 70752K, committed 71360K, reserved 1114112K
  class space    used 9401K, committed 9664K, reserved 1048576K
}
Event: 4.467 GC heap before
{Heap before GC invocations=28 (full 0):
 garbage-first heap   total 131072K, used 97450K [0x0000000080000000, 0x0000000100000000)
  region size 1024K, 36 young (36864K), 3 survivors (3072K)
 Metaspace       used 75025K, committed 75584K, reserved 1122304K
  class space    used 9981K, committed 10240K, reserved 1048576K
}
Event: 4.469 GC heap after
{Heap after GC invocations=29 (full 0):
 garbage-first heap   total 131072K, used 66050K [0x0000000080000000, 0x0000000100000000)
  region size 1024K, 5 young (5120K), 5 survivors (5120K)
 Metaspace       used 75025K, committed 75584K, reserved 1122304K
  class space    used 9981K, committed 10240K, reserved 1048576K
}
Event: 4.479 GC heap before
{Heap before GC invocations=29 (full 0):
 garbage-first heap   total 131072K, used 67074K [0x0000000080000000, 0x0000000100000000)
  region size 1024K, 6 young (6144K), 5 survivors (5120K)
 Metaspace       used 75124K, committed 75712K, reserved 1122304K
  class space    used 9998K, committed 10304K, reserved 1048576K
}
Event: 4.482 GC heap after
{Heap after GC invocations=30 (full 0):
 garbage-first heap   total 188416K, used 66371K [0x0000000080000000, 0x0000000100000000)
  region size 1024K, 1 young (1024K), 1 survivors (1024K)
 Metaspace       used 75124K, committed 75712K, reserved 1122304K
  class space    used 9998K, committed 10304K, reserved 1048576K
}
Event: 4.709 GC heap before
{Heap before GC invocations=30 (full 0):
 garbage-first heap   total 188416K, used 101187K [0x0000000080000000, 0x0000000100000000)
  region size 1024K, 37 young (37888K), 1 survivors (1024K)
 Metaspace       used 77360K, committed 77952K, reserved 1122304K
  class space    used 10300K, committed 10560K, reserved 1048576K
}
Event: 4.711 GC heap after
{Heap after GC invocations=31 (full 0):
 garbage-first heap   total 188416K, used 68262K [0x0000000080000000, 0x0000000100000000)
  region size 1024K, 3 young (3072K), 3 survivors (3072K)
 Metaspace       used 77360K, committed 77952K, reserved 1122304K
  class space    used 10300K, committed 10560K, reserved 1048576K
}
Event: 5.319 GC heap before
{Heap before GC invocations=32 (full 0):
 garbage-first heap   total 188416K, used 138918K [0x0000000080000000, 0x0000000100000000)
  region size 1024K, 71 young (72704K), 3 survivors (3072K)
 Metaspace       used 85071K, committed 85632K, reserved 1130496K
  class space    used 11581K, committed 11840K, reserved 1048576K
}
Event: 5.323 GC heap after
{Heap after GC invocations=33 (full 0):
 garbage-first heap   total 188416K, used 72840K [0x0000000080000000, 0x0000000100000000)
  region size 1024K, 8 young (8192K), 8 survivors (8192K)
 Metaspace       used 85071K, committed 85632K, reserved 1130496K
  class space    used 11581K, committed 11840K, reserved 1048576K
}
Event: 5.330 GC heap before
{Heap before GC invocations=33 (full 0):
 garbage-first heap   total 188416K, used 73864K [0x0000000080000000, 0x0000000100000000)
  region size 1024K, 9 young (9216K), 8 survivors (8192K)
 Metaspace       used 85116K, committed 85696K, reserved 1130496K
  class space    used 11587K, committed 11840K, reserved 1048576K
}
Event: 5.334 GC heap after
{Heap after GC invocations=34 (full 0):
 garbage-first heap   total 188416K, used 73022K [0x0000000080000000, 0x0000000100000000)
  region size 1024K, 1 young (1024K), 1 survivors (1024K)
 Metaspace       used 85116K, committed 85696K, reserved 1130496K
  class space    used 11587K, committed 11840K, reserved 1048576K
}
Event: 5.939 GC heap before
{Heap before GC invocations=34 (full 0):
 garbage-first heap   total 188416K, used 146750K [0x0000000080000000, 0x0000000100000000)
  region size 1024K, 73 young (74752K), 1 survivors (1024K)
 Metaspace       used 92529K, committed 93120K, reserved 1130496K
  class space    used 12642K, committed 12928K, reserved 1048576K
}
Event: 5.943 GC heap after
{Heap after GC invocations=35 (full 0):
 garbage-first heap   total 188416K, used 78111K [0x0000000080000000, 0x0000000100000000)
  region size 1024K, 6 young (6144K), 6 survivors (6144K)
 Metaspace       used 92529K, committed 93120K, reserved 1130496K
  class space    used 12642K, committed 12928K, reserved 1048576K
}
Event: 6.326 GC heap before
{Heap before GC invocations=36 (full 0):
 garbage-first heap   total 188416K, used 148767K [0x0000000080000000, 0x0000000100000000)
  region size 1024K, 75 young (76800K), 6 survivors (6144K)
 Metaspace       used 94213K, committed 94848K, reserved 1138688K
  class space    used 12908K, committed 13184K, reserved 1048576K
}
Event: 6.332 GC heap after
{Heap after GC invocations=37 (full 0):
 garbage-first heap   total 188416K, used 88634K [0x0000000080000000, 0x0000000100000000)
  region size 1024K, 10 young (10240K), 10 survivors (10240K)
 Metaspace       used 94213K, committed 94848K, reserved 1138688K
  class space    used 12908K, committed 13184K, reserved 1048576K
}
Event: 6.341 GC heap before
{Heap before GC invocations=37 (full 0):
 garbage-first heap   total 188416K, used 88634K [0x0000000080000000, 0x0000000100000000)
  region size 1024K, 11 young (11264K), 10 survivors (10240K)
 Metaspace       used 94214K, committed 94848K, reserved 1138688K
  class space    used 12908K, committed 13184K, reserved 1048576K
}
Event: 6.345 GC heap after
{Heap after GC invocations=38 (full 0):
 garbage-first heap   total 188416K, used 90739K [0x0000000080000000, 0x0000000100000000)
  region size 1024K, 2 young (2048K), 2 survivors (2048K)
 Metaspace       used 94214K, committed 94848K, reserved 1138688K
  class space    used 12908K, committed 13184K, reserved 1048576K
}
Event: 6.659 GC heap before
{Heap before GC invocations=38 (full 0):
 garbage-first heap   total 188416K, used 148083K [0x0000000080000000, 0x0000000100000000)
  region size 1024K, 59 young (60416K), 2 survivors (2048K)
 Metaspace       used 95198K, committed 95808K, reserved 1138688K
  class space    used 13076K, committed 13376K, reserved 1048576K
}

