# JRE version: OpenJDK Runtime Environment (17.0.6) (build 17.0.6+0-b2043.56-10027231)
# Java VM: OpenJDK 64-Bit Server VM (17.0.6+0-b2043.56-10027231, mixed mode, tiered, compressed oops, compressed class ptrs, g1 gc, windows-amd64)
GC Precious Log:
 CPUs: 8 total, 8 available
 Memory: 16303M
 Large Page Support: Disabled
 NUMA Support: Disabled
 Compressed Oops: Enabled (32-bit)
 Heap Region Size: 1M
 Heap Min Capacity: 8M
 Heap Initial Capacity: 256M
 Heap Max Capacity: 2G
 Pre-touch: Disabled
 Parallel Workers: 8
 Concurrent Workers: 2
 Concurrent Refinement Workers: 8
 Periodic GC: Disabled
Heap:
 garbage-first heap   total 144384K, used 74933K [0x0000000080000000, 0x0000000100000000)
  region size 1024K, 11 young (11264K), 6 survivors (6144K)
 Metaspace       used 83640K, committed 84224K, reserved 1122304K
  class space    used 11360K, committed 11648K, reserved 1048576K
GC Heap History (20 events):
Event: 3.932 GC heap before
{Heap before GC invocations=15 (full 0):
 garbage-first heap   total 91136K, used 71792K [0x0000000080000000, 0x0000000100000000)
  region size 1024K, 27 young (27648K), 5 survivors (5120K)
 Metaspace       used 55585K, committed 56064K, reserved 1097728K
  class space    used 7425K, committed 7616K, reserved 1048576K
}
Event: 3.934 GC heap after
{Heap after GC invocations=16 (full 0):
 garbage-first heap   total 91136K, used 53498K [0x0000000080000000, 0x0000000100000000)
  region size 1024K, 4 young (4096K), 4 survivors (4096K)
 Metaspace       used 55585K, committed 56064K, reserved 1097728K
  class space    used 7425K, committed 7616K, reserved 1048576K
}
Event: 4.092 GC heap before
{Heap before GC invocations=16 (full 0):
 garbage-first heap   total 91136K, used 71930K [0x0000000080000000, 0x0000000100000000)
  region size 1024K, 22 young (22528K), 4 survivors (4096K)
 Metaspace       used 58415K, committed 58944K, reserved 1105920K
  class space    used 7768K, committed 8000K, reserved 1048576K
}
Event: 4.093 GC heap after
{Heap after GC invocations=17 (full 0):
 garbage-first heap   total 91136K, used 54372K [0x0000000080000000, 0x0000000100000000)
  region size 1024K, 1 young (1024K), 1 survivors (1024K)
 Metaspace       used 58415K, committed 58944K, reserved 1105920K
  class space    used 7768K, committed 8000K, reserved 1048576K
}
Event: 4.317 GC heap before
{Heap before GC invocations=18 (full 0):
 garbage-first heap   total 97280K, used 72804K [0x0000000080000000, 0x0000000100000000)
  region size 1024K, 19 young (19456K), 1 survivors (1024K)
 Metaspace       used 61885K, committed 62400K, reserved 1105920K
  class space    used 8236K, committed 8448K, reserved 1048576K
}
Event: 4.320 GC heap after
{Heap after GC invocations=19 (full 0):
 garbage-first heap   total 97280K, used 55257K [0x0000000080000000, 0x0000000100000000)
  region size 1024K, 2 young (2048K), 2 survivors (2048K)
 Metaspace       used 61885K, committed 62400K, reserved 1105920K
  class space    used 8236K, committed 8448K, reserved 1048576K
}
Event: 4.426 GC heap before
{Heap before GC invocations=19 (full 0):
 garbage-first heap   total 97280K, used 65497K [0x0000000080000000, 0x0000000100000000)
  region size 1024K, 14 young (14336K), 2 survivors (2048K)
 Metaspace       used 64034K, committed 64640K, reserved 1105920K
  class space    used 8508K, committed 8768K, reserved 1048576K
}
Event: 4.428 GC heap after
{Heap after GC invocations=20 (full 0):
 garbage-first heap   total 97280K, used 56901K [0x0000000080000000, 0x0000000100000000)
  region size 1024K, 3 young (3072K), 3 survivors (3072K)
 Metaspace       used 64034K, committed 64640K, reserved 1105920K
  class space    used 8508K, committed 8768K, reserved 1048576K
}
Event: 4.556 GC heap before
{Heap before GC invocations=21 (full 0):
 garbage-first heap   total 119808K, used 84549K [0x0000000080000000, 0x0000000100000000)
  region size 1024K, 24 young (24576K), 3 survivors (3072K)
 Metaspace       used 65209K, committed 65728K, reserved 1105920K
  class space    used 8664K, committed 8896K, reserved 1048576K
}
Event: 4.559 GC heap after
{Heap after GC invocations=22 (full 0):
 garbage-first heap   total 144384K, used 58825K [0x0000000080000000, 0x0000000100000000)
  region size 1024K, 3 young (3072K), 3 survivors (3072K)
 Metaspace       used 65209K, committed 65728K, reserved 1105920K
  class space    used 8664K, committed 8896K, reserved 1048576K
}
Event: 4.642 GC heap before
{Heap before GC invocations=22 (full 0):
 garbage-first heap   total 144384K, used 62921K [0x0000000080000000, 0x0000000100000000)
  region size 1024K, 7 young (7168K), 3 survivors (3072K)
 Metaspace       used 65604K, committed 66112K, reserved 1114112K
  class space    used 8720K, committed 8960K, reserved 1048576K
}
Event: 4.645 GC heap after
{Heap after GC invocations=23 (full 0):
 garbage-first heap   total 144384K, used 59517K [0x0000000080000000, 0x0000000100000000)
  region size 1024K, 1 young (1024K), 1 survivors (1024K)
 Metaspace       used 65604K, committed 66112K, reserved 1114112K
  class space    used 8720K, committed 8960K, reserved 1048576K
}
Event: 4.989 GC heap before
{Heap before GC invocations=23 (full 0):
 garbage-first heap   total 144384K, used 101501K [0x0000000080000000, 0x0000000100000000)
  region size 1024K, 42 young (43008K), 1 survivors (1024K)
 Metaspace       used 69533K, committed 70144K, reserved 1114112K
  class space    used 9233K, committed 9536K, reserved 1048576K
}
Event: 4.991 GC heap after
{Heap after GC invocations=24 (full 0):
 garbage-first heap   total 144384K, used 62421K [0x0000000080000000, 0x0000000100000000)
  region size 1024K, 4 young (4096K), 4 survivors (4096K)
 Metaspace       used 69533K, committed 70144K, reserved 1114112K
  class space    used 9233K, committed 9536K, reserved 1048576K
}
Event: 5.322 GC heap before
{Heap before GC invocations=24 (full 0):
 garbage-first heap   total 144384K, used 105429K [0x0000000080000000, 0x0000000100000000)
  region size 1024K, 46 young (47104K), 4 survivors (4096K)
 Metaspace       used 74856K, committed 75456K, reserved 1114112K
  class space    used 9938K, committed 10240K, reserved 1048576K
}
Event: 5.325 GC heap after
{Heap after GC invocations=25 (full 0):
 garbage-first heap   total 144384K, used 65357K [0x0000000080000000, 0x0000000100000000)
  region size 1024K, 3 young (3072K), 3 survivors (3072K)
 Metaspace       used 74856K, committed 75456K, reserved 1114112K
  class space    used 9938K, committed 10240K, reserved 1048576K
}
Event: 5.608 GC heap before
{Heap before GC invocations=25 (full 0):
 garbage-first heap   total 144384K, used 110413K [0x0000000080000000, 0x0000000100000000)
  region size 1024K, 47 young (48128K), 3 survivors (3072K)
 Metaspace       used 77957K, committed 78528K, reserved 1122304K
  class space    used 10356K, committed 10624K, reserved 1048576K
}
Event: 5.611 GC heap after
{Heap after GC invocations=26 (full 0):
 garbage-first heap   total 144384K, used 67901K [0x0000000080000000, 0x0000000100000000)
  region size 1024K, 6 young (6144K), 6 survivors (6144K)
 Metaspace       used 77957K, committed 78528K, reserved 1122304K
  class space    used 10356K, committed 10624K, reserved 1048576K
}
Event: 5.975 GC heap before
{Heap before GC invocations=26 (full 0):
 garbage-first heap   total 144384K, used 111933K [0x0000000080000000, 0x0000000100000000)
  region size 1024K, 49 young (50176K), 6 survivors (6144K)
 Metaspace       used 83075K, committed 83712K, reserved 1122304K
  class space    used 11265K, committed 11584K, reserved 1048576K
}
Event: 5.980 GC heap after
{Heap after GC invocations=27 (full 0):
 garbage-first heap   total 144384K, used 70837K [0x0000000080000000, 0x0000000100000000)
  region size 1024K, 6 young (6144K), 6 survivors (6144K)
 Metaspace       used 83075K, committed 83712K, reserved 1122304K
  class space    used 11265K, committed 11584K, reserved 1048576K
}

