# JRE version: OpenJDK Runtime Environment (17.0.6) (build 17.0.6+0-b2043.56-10027231)
# Java VM: OpenJDK 64-Bit Server VM (17.0.6+0-b2043.56-10027231, mixed mode, tiered, compressed oops, compressed class ptrs, g1 gc, windows-amd64)
GC Precious Log:
 CPUs: 8 total, 8 available
 Memory: 16303M
 Large Page Support: Disabled
 NUMA Support: Disabled
 Compressed Oops: Enabled (32-bit)
 Heap Region Size: 1M
 Heap Min Capacity: 8M
 Heap Initial Capacity: 256M
 Heap Max Capacity: 2G
 Pre-touch: Disabled
 Parallel Workers: 8
 Concurrent Workers: 2
 Concurrent Refinement Workers: 8
 Periodic GC: Disabled
Heap:
 garbage-first heap   total 256000K, used 207189K [0x0000000080000000, 0x0000000100000000)
  region size 1024K, 63 young (64512K), 7 survivors (7168K)
 Metaspace       used 128193K, committed 129088K, reserved 1163264K
  class space    used 17845K, committed 18304K, reserved 1048576K
GC Heap History (20 events):
Event: 19.261 GC heap before
{Heap before GC invocations=32 (full 0):
 garbage-first heap   total 152576K, used 124215K [0x0000000080000000, 0x0000000100000000)
  region size 1024K, 43 young (44032K), 7 survivors (7168K)
 Metaspace       used 100306K, committed 100992K, reserved 1138688K
  class space    used 13676K, committed 14016K, reserved 1048576K
}
Event: 19.267 GC heap after
{Heap after GC invocations=33 (full 0):
 garbage-first heap   total 152576K, used 92613K [0x0000000080000000, 0x0000000100000000)
  region size 1024K, 5 young (5120K), 5 survivors (5120K)
 Metaspace       used 100306K, committed 100992K, reserved 1138688K
  class space    used 13676K, committed 14016K, reserved 1048576K
}
Event: 19.496 GC heap before
{Heap before GC invocations=34 (full 0):
 garbage-first heap   total 158720K, used 124357K [0x0000000080000000, 0x0000000100000000)
  region size 1024K, 37 young (37888K), 5 survivors (5120K)
 Metaspace       used 100655K, committed 101376K, reserved 1138688K
  class space    used 13726K, committed 14080K, reserved 1048576K
}
Event: 19.499 GC heap after
{Heap after GC invocations=35 (full 0):
 garbage-first heap   total 158720K, used 94996K [0x0000000080000000, 0x0000000100000000)
  region size 1024K, 3 young (3072K), 3 survivors (3072K)
 Metaspace       used 100655K, committed 101376K, reserved 1138688K
  class space    used 13726K, committed 14080K, reserved 1048576K
}
Event: 19.561 GC heap before
{Heap before GC invocations=35 (full 0):
 garbage-first heap   total 158720K, used 98068K [0x0000000080000000, 0x0000000100000000)
  region size 1024K, 7 young (7168K), 3 survivors (3072K)
 Metaspace       used 100707K, committed 101376K, reserved 1138688K
  class space    used 13730K, committed 14080K, reserved 1048576K
}
Event: 19.564 GC heap after
{Heap after GC invocations=36 (full 0):
 garbage-first heap   total 244736K, used 94758K [0x0000000080000000, 0x0000000100000000)
  region size 1024K, 1 young (1024K), 1 survivors (1024K)
 Metaspace       used 100707K, committed 101376K, reserved 1138688K
  class space    used 13730K, committed 14080K, reserved 1048576K
}
Event: 21.009 GC heap before
{Heap before GC invocations=36 (full 0):
 garbage-first heap   total 244736K, used 192038K [0x0000000080000000, 0x0000000100000000)
  region size 1024K, 97 young (99328K), 1 survivors (1024K)
 Metaspace       used 103871K, committed 104576K, reserved 1146880K
  class space    used 14113K, committed 14464K, reserved 1048576K
}
Event: 21.014 GC heap after
{Heap after GC invocations=37 (full 0):
 garbage-first heap   total 244736K, used 102324K [0x0000000080000000, 0x0000000100000000)
  region size 1024K, 8 young (8192K), 8 survivors (8192K)
 Metaspace       used 103871K, committed 104576K, reserved 1146880K
  class space    used 14113K, committed 14464K, reserved 1048576K
}
Event: 31.987 GC heap before
{Heap before GC invocations=37 (full 0):
 garbage-first heap   total 244736K, used 192436K [0x0000000080000000, 0x0000000100000000)
  region size 1024K, 97 young (99328K), 8 survivors (8192K)
 Metaspace       used 106549K, committed 107264K, reserved 1146880K
  class space    used 14519K, committed 14848K, reserved 1048576K
}
Event: 31.993 GC heap after
{Heap after GC invocations=38 (full 0):
 garbage-first heap   total 244736K, used 107605K [0x0000000080000000, 0x0000000100000000)
  region size 1024K, 6 young (6144K), 6 survivors (6144K)
 Metaspace       used 106549K, committed 107264K, reserved 1146880K
  class space    used 14519K, committed 14848K, reserved 1048576K
}
Event: 34.745 GC heap before
{Heap before GC invocations=38 (full 0):
 garbage-first heap   total 244736K, used 196693K [0x0000000080000000, 0x0000000100000000)
  region size 1024K, 93 young (95232K), 6 survivors (6144K)
 Metaspace       used 122689K, committed 123520K, reserved 1155072K
  class space    used 17074K, committed 17472K, reserved 1048576K
}
Event: 34.752 GC heap after
{Heap after GC invocations=39 (full 0):
 garbage-first heap   total 244736K, used 110369K [0x0000000080000000, 0x0000000100000000)
  region size 1024K, 8 young (8192K), 8 survivors (8192K)
 Metaspace       used 122689K, committed 123520K, reserved 1155072K
  class space    used 17074K, committed 17472K, reserved 1048576K
}
Event: 36.245 GC heap before
{Heap before GC invocations=39 (full 0):
 garbage-first heap   total 244736K, used 155425K [0x0000000080000000, 0x0000000100000000)
  region size 1024K, 38 young (38912K), 8 survivors (8192K)
 Metaspace       used 125956K, committed 126784K, reserved 1163264K
  class space    used 17641K, committed 18048K, reserved 1048576K
}
Event: 36.251 GC heap after
{Heap after GC invocations=40 (full 0):
 garbage-first heap   total 244736K, used 129793K [0x0000000080000000, 0x0000000100000000)
  region size 1024K, 6 young (6144K), 6 survivors (6144K)
 Metaspace       used 125956K, committed 126784K, reserved 1163264K
  class space    used 17641K, committed 18048K, reserved 1048576K
}
Event: 141.664 GC heap before
{Heap before GC invocations=41 (full 0):
 garbage-first heap   total 244736K, used 211713K [0x0000000080000000, 0x0000000100000000)
  region size 1024K, 80 young (81920K), 6 survivors (6144K)
 Metaspace       used 127563K, committed 128512K, reserved 1163264K
  class space    used 17846K, committed 18304K, reserved 1048576K
}
Event: 141.671 GC heap after
{Heap after GC invocations=42 (full 0):
 garbage-first heap   total 244736K, used 120725K [0x0000000080000000, 0x0000000100000000)
  region size 1024K, 10 young (10240K), 10 survivors (10240K)
 Metaspace       used 127563K, committed 128512K, reserved 1163264K
  class space    used 17846K, committed 18304K, reserved 1048576K
}
Event: 141.675 GC heap before
{Heap before GC invocations=42 (full 0):
 garbage-first heap   total 244736K, used 121749K [0x0000000080000000, 0x0000000100000000)
  region size 1024K, 11 young (11264K), 10 survivors (10240K)
 Metaspace       used 127569K, committed 128512K, reserved 1163264K
  class space    used 17846K, committed 18304K, reserved 1048576K
}
Event: 141.680 GC heap after
{Heap after GC invocations=43 (full 0):
 garbage-first heap   total 244736K, used 121224K [0x0000000080000000, 0x0000000100000000)
  region size 1024K, 1 young (1024K), 1 survivors (1024K)
 Metaspace       used 127569K, committed 128512K, reserved 1163264K
  class space    used 17846K, committed 18304K, reserved 1048576K
}
Event: 143.443 GC heap before
{Heap before GC invocations=43 (full 0):
 garbage-first heap   total 244736K, used 188808K [0x0000000080000000, 0x0000000100000000)
  region size 1024K, 69 young (70656K), 1 survivors (1024K)
 Metaspace       used 128011K, committed 128896K, reserved 1163264K
  class space    used 17856K, committed 18304K, reserved 1048576K
}
Event: 143.449 GC heap after
{Heap after GC invocations=44 (full 0):
 garbage-first heap   total 244736K, used 127317K [0x0000000080000000, 0x0000000100000000)
  region size 1024K, 7 young (7168K), 7 survivors (7168K)
 Metaspace       used 128011K, committed 128896K, reserved 1163264K
  class space    used 17856K, committed 18304K, reserved 1048576K
}

